1744303139.624929 client started (87704): version 3.5a, socket /private/tmp/tmux-501/default, protocol 8
1744303139.625039 on Darwin 24.4.0 Darwin Kernel Version 24.4.0: Wed Mar 19 21:16:34 PDT 2025; root:xnu-11417.101.15~1/RELEASE_ARM64_T6000
1744303139.625057 using libevent 2.1.12-stable select
1744303139.625102 using utf8proc 2.10.0
1744303139.625110 using ncurses 6.5 20240427
1744303139.625137 flags are 0x18010000
1744303139.625144 socket is /private/tmp/tmux-501/default
1744303139.625161 trying connect
1744303139.625246 add peer 0x138008000: 6 (0x0)
1744303139.627805 sending message 111 to peer 0x138008000 (8 bytes)
1744303139.627817 sending message 111 to peer 0x138008000 (8 bytes)
1744303139.627824 sending message 101 to peer 0x138008000 (15 bytes)
1744303139.627830 sending message 109 to peer 0x138008000 (4 bytes)
1744303139.627837 sending message 102 to peer 0x138008000 (13 bytes)
1744303139.627843 sending message 108 to peer 0x138008000 (35 bytes)
1744303139.627849 sending message 112 to peer 0x138008000 (58 bytes)
1744303139.627855 sending message 112 to peer 0x138008000 (5 bytes)
1744303139.627861 sending message 112 to peer 0x138008000 (5 bytes)
1744303139.627867 sending message 112 to peer 0x138008000 (6 bytes)
1744303139.627873 sending message 112 to peer 0x138008000 (6 bytes)
1744303139.627879 sending message 112 to peer 0x138008000 (11 bytes)
1744303139.627885 sending message 112 to peer 0x138008000 (10 bytes)
1744303139.627891 sending message 112 to peer 0x138008000 (13 bytes)
1744303139.627898 sending message 112 to peer 0x138008000 (14 bytes)
1744303139.627903 sending message 112 to peer 0x138008000 (19 bytes)
1744303139.627909 sending message 112 to peer 0x138008000 (11 bytes)
1744303139.627915 sending message 112 to peer 0x138008000 (10 bytes)
1744303139.627921 sending message 112 to peer 0x138008000 (15 bytes)
1744303139.627927 sending message 112 to peer 0x138008000 (21 bytes)
1744303139.627933 sending message 112 to peer 0x138008000 (13 bytes)
1744303139.627939 sending message 112 to peer 0x138008000 (7 bytes)
1744303139.627950 sending message 112 to peer 0x138008000 (13 bytes)
1744303139.627956 sending message 112 to peer 0x138008000 (7 bytes)
1744303139.627963 sending message 112 to peer 0x138008000 (13 bytes)
1744303139.627969 sending message 112 to peer 0x138008000 (9 bytes)
1744303139.627975 sending message 112 to peer 0x138008000 (21 bytes)
1744303139.627981 sending message 112 to peer 0x138008000 (13 bytes)
1744303139.627987 sending message 112 to peer 0x138008000 (9 bytes)
1744303139.627993 sending message 112 to peer 0x138008000 (16 bytes)
1744303139.627999 sending message 112 to peer 0x138008000 (13 bytes)
1744303139.628005 sending message 112 to peer 0x138008000 (9 bytes)
1744303139.628011 sending message 112 to peer 0x138008000 (9 bytes)
1744303139.628017 sending message 112 to peer 0x138008000 (12 bytes)
1744303139.628023 sending message 112 to peer 0x138008000 (8 bytes)
1744303139.628029 sending message 112 to peer 0x138008000 (8 bytes)
1744303139.628035 sending message 112 to peer 0x138008000 (13 bytes)
1744303139.628040 sending message 112 to peer 0x138008000 (7 bytes)
1744303139.628046 sending message 112 to peer 0x138008000 (7 bytes)
1744303139.628052 sending message 112 to peer 0x138008000 (9 bytes)
1744303139.628058 sending message 112 to peer 0x138008000 (9 bytes)
1744303139.628064 sending message 112 to peer 0x138008000 (15 bytes)
1744303139.628070 sending message 112 to peer 0x138008000 (13 bytes)
1744303139.628076 sending message 112 to peer 0x138008000 (12 bytes)
1744303139.628082 sending message 112 to peer 0x138008000 (8 bytes)
1744303139.628088 sending message 112 to peer 0x138008000 (14 bytes)
1744303139.628094 sending message 112 to peer 0x138008000 (11 bytes)
1744303139.628100 sending message 112 to peer 0x138008000 (9 bytes)
1744303139.628106 sending message 112 to peer 0x138008000 (10 bytes)
1744303139.628112 sending message 112 to peer 0x138008000 (10 bytes)
1744303139.628118 sending message 112 to peer 0x138008000 (10 bytes)
1744303139.628123 sending message 112 to peer 0x138008000 (10 bytes)
1744303139.628142 sending message 112 to peer 0x138008000 (11 bytes)
1744303139.628146 sending message 112 to peer 0x138008000 (12 bytes)
1744303139.628151 sending message 112 to peer 0x138008000 (12 bytes)
1744303139.628155 sending message 112 to peer 0x138008000 (12 bytes)
1744303139.628159 sending message 112 to peer 0x138008000 (12 bytes)
1744303139.628163 sending message 112 to peer 0x138008000 (12 bytes)
1744303139.628168 sending message 112 to peer 0x138008000 (11 bytes)
1744303139.628172 sending message 112 to peer 0x138008000 (11 bytes)
1744303139.628176 sending message 112 to peer 0x138008000 (12 bytes)
1744303139.628181 sending message 112 to peer 0x138008000 (12 bytes)
1744303139.628185 sending message 112 to peer 0x138008000 (12 bytes)
1744303139.628189 sending message 112 to peer 0x138008000 (12 bytes)
1744303139.628193 sending message 112 to peer 0x138008000 (12 bytes)
1744303139.628197 sending message 112 to peer 0x138008000 (9 bytes)
1744303139.628202 sending message 112 to peer 0x138008000 (12 bytes)
1744303139.628206 sending message 112 to peer 0x138008000 (13 bytes)
1744303139.628210 sending message 112 to peer 0x138008000 (13 bytes)
1744303139.628214 sending message 112 to peer 0x138008000 (13 bytes)
1744303139.628218 sending message 112 to peer 0x138008000 (13 bytes)
1744303139.628222 sending message 112 to peer 0x138008000 (13 bytes)
1744303139.628227 sending message 112 to peer 0x138008000 (8 bytes)
1744303139.628231 sending message 112 to peer 0x138008000 (11 bytes)
1744303139.628235 sending message 112 to peer 0x138008000 (11 bytes)
1744303139.628239 sending message 112 to peer 0x138008000 (11 bytes)
1744303139.628243 sending message 112 to peer 0x138008000 (12 bytes)
1744303139.628247 sending message 112 to peer 0x138008000 (12 bytes)
1744303139.628252 sending message 112 to peer 0x138008000 (12 bytes)
1744303139.628256 sending message 112 to peer 0x138008000 (12 bytes)
1744303139.628260 sending message 112 to peer 0x138008000 (13 bytes)
1744303139.628264 sending message 112 to peer 0x138008000 (13 bytes)
1744303139.628268 sending message 112 to peer 0x138008000 (13 bytes)
1744303139.628273 sending message 112 to peer 0x138008000 (8 bytes)
1744303139.628277 sending message 112 to peer 0x138008000 (13 bytes)
1744303139.628281 sending message 112 to peer 0x138008000 (13 bytes)
1744303139.628285 sending message 112 to peer 0x138008000 (13 bytes)
1744303139.628289 sending message 112 to peer 0x138008000 (13 bytes)
1744303139.628294 sending message 112 to peer 0x138008000 (13 bytes)
1744303139.628298 sending message 112 to peer 0x138008000 (12 bytes)
1744303139.628302 sending message 112 to peer 0x138008000 (12 bytes)
1744303139.628306 sending message 112 to peer 0x138008000 (12 bytes)
1744303139.628310 sending message 112 to peer 0x138008000 (12 bytes)
1744303139.628315 sending message 112 to peer 0x138008000 (13 bytes)
1744303139.628319 sending message 112 to peer 0x138008000 (8 bytes)
1744303139.628323 sending message 112 to peer 0x138008000 (13 bytes)
1744303139.628327 sending message 112 to peer 0x138008000 (13 bytes)
1744303139.628331 sending message 112 to peer 0x138008000 (13 bytes)
1744303139.628336 sending message 112 to peer 0x138008000 (13 bytes)
1744303139.628340 sending message 112 to peer 0x138008000 (13 bytes)
1744303139.628344 sending message 112 to peer 0x138008000 (13 bytes)
1744303139.628348 sending message 112 to peer 0x138008000 (13 bytes)
1744303139.628352 sending message 112 to peer 0x138008000 (12 bytes)
1744303139.628356 sending message 112 to peer 0x138008000 (12 bytes)
1744303139.628361 sending message 112 to peer 0x138008000 (12 bytes)
1744303139.628365 sending message 112 to peer 0x138008000 (8 bytes)
1744303139.628369 sending message 112 to peer 0x138008000 (12 bytes)
1744303139.628373 sending message 112 to peer 0x138008000 (13 bytes)
1744303139.628378 sending message 112 to peer 0x138008000 (13 bytes)
1744303139.628382 sending message 112 to peer 0x138008000 (13 bytes)
1744303139.628386 sending message 112 to peer 0x138008000 (13 bytes)
1744303139.628397 sending message 112 to peer 0x138008000 (13 bytes)
1744303139.628401 sending message 112 to peer 0x138008000 (13 bytes)
1744303139.628406 sending message 112 to peer 0x138008000 (13 bytes)
1744303139.628410 sending message 112 to peer 0x138008000 (13 bytes)
1744303139.628414 sending message 112 to peer 0x138008000 (12 bytes)
1744303139.628418 sending message 112 to peer 0x138008000 (10 bytes)
1744303139.628423 sending message 112 to peer 0x138008000 (12 bytes)
1744303139.628427 sending message 112 to peer 0x138008000 (12 bytes)
1744303139.628431 sending message 112 to peer 0x138008000 (12 bytes)
1744303139.628435 sending message 112 to peer 0x138008000 (13 bytes)
1744303139.628440 sending message 112 to peer 0x138008000 (13 bytes)
1744303139.628444 sending message 112 to peer 0x138008000 (13 bytes)
1744303139.628448 sending message 112 to peer 0x138008000 (13 bytes)
1744303139.628452 sending message 112 to peer 0x138008000 (13 bytes)
1744303139.628456 sending message 112 to peer 0x138008000 (13 bytes)
1744303139.628461 sending message 112 to peer 0x138008000 (13 bytes)
1744303139.628465 sending message 112 to peer 0x138008000 (10 bytes)
1744303139.628469 sending message 112 to peer 0x138008000 (13 bytes)
1744303139.628473 sending message 112 to peer 0x138008000 (12 bytes)
1744303139.628478 sending message 112 to peer 0x138008000 (12 bytes)
1744303139.628482 sending message 112 to peer 0x138008000 (12 bytes)
1744303139.628486 sending message 112 to peer 0x138008000 (10 bytes)
1744303139.628490 sending message 112 to peer 0x138008000 (10 bytes)
1744303139.628494 sending message 112 to peer 0x138008000 (10 bytes)
1744303139.628499 sending message 112 to peer 0x138008000 (12 bytes)
1744303139.628503 sending message 112 to peer 0x138008000 (13 bytes)
1744303139.628507 sending message 112 to peer 0x138008000 (13 bytes)
1744303139.628511 sending message 112 to peer 0x138008000 (13 bytes)
1744303139.628515 sending message 112 to peer 0x138008000 (13 bytes)
1744303139.628520 sending message 112 to peer 0x138008000 (13 bytes)
1744303139.628524 sending message 112 to peer 0x138008000 (10 bytes)
1744303139.628528 sending message 112 to peer 0x138008000 (11 bytes)
1744303139.628532 sending message 112 to peer 0x138008000 (12 bytes)
1744303139.628536 sending message 112 to peer 0x138008000 (12 bytes)
1744303139.628541 sending message 112 to peer 0x138008000 (12 bytes)
1744303139.628545 sending message 112 to peer 0x138008000 (12 bytes)
1744303139.628549 sending message 112 to peer 0x138008000 (12 bytes)
1744303139.628554 sending message 112 to peer 0x138008000 (11 bytes)
1744303139.628558 sending message 112 to peer 0x138008000 (12 bytes)
1744303139.628562 sending message 112 to peer 0x138008000 (12 bytes)
1744303139.628566 sending message 112 to peer 0x138008000 (13 bytes)
1744303139.628570 sending message 112 to peer 0x138008000 (13 bytes)
1744303139.628575 sending message 112 to peer 0x138008000 (13 bytes)
1744303139.628579 sending message 112 to peer 0x138008000 (13 bytes)
1744303139.628583 sending message 112 to peer 0x138008000 (13 bytes)
1744303139.628587 sending message 112 to peer 0x138008000 (10 bytes)
1744303139.628591 sending message 112 to peer 0x138008000 (9 bytes)
1744303139.628596 sending message 112 to peer 0x138008000 (12 bytes)
1744303139.628600 sending message 112 to peer 0x138008000 (13 bytes)
1744303139.628604 sending message 112 to peer 0x138008000 (13 bytes)
1744303139.628608 sending message 112 to peer 0x138008000 (13 bytes)
1744303139.628612 sending message 112 to peer 0x138008000 (13 bytes)
1744303139.628617 sending message 112 to peer 0x138008000 (13 bytes)
1744303139.628621 sending message 112 to peer 0x138008000 (9 bytes)
1744303139.628625 sending message 112 to peer 0x138008000 (12 bytes)
1744303139.628629 sending message 112 to peer 0x138008000 (13 bytes)
1744303139.628634 sending message 112 to peer 0x138008000 (13 bytes)
1744303139.628638 sending message 112 to peer 0x138008000 (13 bytes)
1744303139.628642 sending message 112 to peer 0x138008000 (13 bytes)
1744303139.628646 sending message 112 to peer 0x138008000 (13 bytes)
1744303139.628656 sending message 112 to peer 0x138008000 (11 bytes)
1744303139.628660 sending message 112 to peer 0x138008000 (12 bytes)
1744303139.628664 sending message 112 to peer 0x138008000 (13 bytes)
1744303139.628669 sending message 112 to peer 0x138008000 (13 bytes)
1744303139.628673 sending message 112 to peer 0x138008000 (13 bytes)
1744303139.628677 sending message 112 to peer 0x138008000 (13 bytes)
1744303139.628681 sending message 112 to peer 0x138008000 (13 bytes)
1744303139.628686 sending message 112 to peer 0x138008000 (11 bytes)
1744303139.628690 sending message 112 to peer 0x138008000 (12 bytes)
1744303139.628694 sending message 112 to peer 0x138008000 (12 bytes)
1744303139.628698 sending message 112 to peer 0x138008000 (12 bytes)
1744303139.628702 sending message 112 to peer 0x138008000 (12 bytes)
1744303139.628707 sending message 112 to peer 0x138008000 (12 bytes)
1744303139.628711 sending message 112 to peer 0x138008000 (21 bytes)
1744303139.628715 sending message 112 to peer 0x138008000 (12 bytes)
1744303139.628719 sending message 112 to peer 0x138008000 (9 bytes)
1744303139.628723 sending message 112 to peer 0x138008000 (6 bytes)
1744303139.628728 sending message 112 to peer 0x138008000 (13 bytes)
1744303139.628732 sending message 112 to peer 0x138008000 (10 bytes)
1744303139.628736 sending message 112 to peer 0x138008000 (15 bytes)
1744303139.628740 sending message 112 to peer 0x138008000 (13 bytes)
1744303139.628744 sending message 112 to peer 0x138008000 (9 bytes)
1744303139.628749 sending message 112 to peer 0x138008000 (70 bytes)
1744303139.628753 sending message 112 to peer 0x138008000 (69 bytes)
1744303139.628757 sending message 112 to peer 0x138008000 (73 bytes)
1744303139.628761 sending message 112 to peer 0x138008000 (12 bytes)
1744303139.628766 sending message 112 to peer 0x138008000 (10 bytes)
1744303139.628770 sending message 112 to peer 0x138008000 (10 bytes)
1744303139.628774 sending message 112 to peer 0x138008000 (15 bytes)
1744303139.628778 sending message 112 to peer 0x138008000 (13 bytes)
1744303139.628782 sending message 112 to peer 0x138008000 (10 bytes)
1744303139.628786 sending message 112 to peer 0x138008000 (10 bytes)
1744303139.628791 sending message 112 to peer 0x138008000 (17 bytes)
1744303139.628795 sending message 112 to peer 0x138008000 (13 bytes)
1744303139.628799 sending message 112 to peer 0x138008000 (15 bytes)
1744303139.628803 sending message 112 to peer 0x138008000 (5 bytes)
1744303139.628811 sending message 104 to peer 0x138008000 (0 bytes)
1744303139.628830 sending message 110 to peer 0x138008000 (0 bytes)
1744303139.628835 sending message 107 to peer 0x138008000 (4 bytes)
1744303139.628839 sending message 105 to peer 0x138008000 (60 bytes)
1744303139.628843 sending message 105 to peer 0x138008000 (93 bytes)
1744303139.628848 sending message 105 to peer 0x138008000 (27 bytes)
1744303139.628852 sending message 105 to peer 0x138008000 (15 bytes)
1744303139.628857 sending message 105 to peer 0x138008000 (25 bytes)
1744303139.628861 sending message 105 to peer 0x138008000 (14 bytes)
1744303139.628865 sending message 105 to peer 0x138008000 (17 bytes)
1744303139.628869 sending message 105 to peer 0x138008000 (39 bytes)
1744303139.628874 sending message 105 to peer 0x138008000 (15 bytes)
1744303139.628878 sending message 105 to peer 0x138008000 (43 bytes)
1744303139.628882 sending message 105 to peer 0x138008000 (44 bytes)
1744303139.628887 sending message 105 to peer 0x138008000 (28 bytes)
1744303139.628891 sending message 105 to peer 0x138008000 (23 bytes)
1744303139.628896 sending message 105 to peer 0x138008000 (1443 bytes)
1744303139.628900 sending message 105 to peer 0x138008000 (19 bytes)
1744303139.628905 sending message 105 to peer 0x138008000 (20 bytes)
1744303139.628909 sending message 105 to peer 0x138008000 (22 bytes)
1744303139.628913 sending message 105 to peer 0x138008000 (20 bytes)
1744303139.628918 sending message 105 to peer 0x138008000 (86 bytes)
1744303139.628922 sending message 105 to peer 0x138008000 (18 bytes)
1744303139.628936 sending message 105 to peer 0x138008000 (57 bytes)
1744303139.628941 sending message 105 to peer 0x138008000 (11 bytes)
1744303139.628945 sending message 105 to peer 0x138008000 (19 bytes)
1744303139.628950 sending message 105 to peer 0x138008000 (14 bytes)
1744303139.628954 sending message 105 to peer 0x138008000 (61 bytes)
1744303139.628958 sending message 105 to peer 0x138008000 (32 bytes)
1744303139.628963 sending message 105 to peer 0x138008000 (8 bytes)
1744303139.628967 sending message 105 to peer 0x138008000 (37 bytes)
1744303139.628971 sending message 105 to peer 0x138008000 (30 bytes)
1744303139.628976 sending message 105 to peer 0x138008000 (37 bytes)
1744303139.628980 sending message 105 to peer 0x138008000 (34 bytes)
1744303139.628984 sending message 105 to peer 0x138008000 (35 bytes)
1744303139.628989 sending message 105 to peer 0x138008000 (12 bytes)
1744303139.628993 sending message 105 to peer 0x138008000 (19 bytes)
1744303139.628997 sending message 105 to peer 0x138008000 (38 bytes)
1744303139.629004 sending message 105 to peer 0x138008000 (16 bytes)
1744303139.629009 sending message 105 to peer 0x138008000 (26 bytes)
1744303139.629013 sending message 105 to peer 0x138008000 (53 bytes)
1744303139.629018 sending message 105 to peer 0x138008000 (62 bytes)
1744303139.629022 sending message 105 to peer 0x138008000 (21 bytes)
1744303139.629026 sending message 105 to peer 0x138008000 (35 bytes)
1744303139.629031 sending message 105 to peer 0x138008000 (37 bytes)
1744303139.629035 sending message 105 to peer 0x138008000 (36 bytes)
1744303139.629039 sending message 105 to peer 0x138008000 (59 bytes)
1744303139.629043 sending message 105 to peer 0x138008000 (44 bytes)
1744303139.629048 sending message 105 to peer 0x138008000 (33 bytes)
1744303139.629052 sending message 105 to peer 0x138008000 (38 bytes)
1744303139.629056 sending message 105 to peer 0x138008000 (23 bytes)
1744303139.629060 sending message 105 to peer 0x138008000 (90 bytes)
1744303139.629064 sending message 105 to peer 0x138008000 (66 bytes)
1744303139.629069 sending message 105 to peer 0x138008000 (103 bytes)
1744303139.629073 sending message 105 to peer 0x138008000 (108 bytes)
1744303139.629077 sending message 105 to peer 0x138008000 (68 bytes)
1744303139.629082 sending message 105 to peer 0x138008000 (77 bytes)
1744303139.629086 sending message 105 to peer 0x138008000 (68 bytes)
1744303139.629090 sending message 105 to peer 0x138008000 (76 bytes)
1744303139.629095 sending message 105 to peer 0x138008000 (60 bytes)
1744303139.629099 sending message 105 to peer 0x138008000 (65 bytes)
1744303139.629103 sending message 105 to peer 0x138008000 (67 bytes)
1744303139.629107 sending message 105 to peer 0x138008000 (64 bytes)
1744303139.629112 sending message 105 to peer 0x138008000 (59 bytes)
1744303139.629116 sending message 105 to peer 0x138008000 (71 bytes)
1744303139.629120 sending message 105 to peer 0x138008000 (83 bytes)
1744303139.629124 sending message 105 to peer 0x138008000 (29 bytes)
1744303139.629129 sending message 105 to peer 0x138008000 (29 bytes)
1744303139.629133 sending message 105 to peer 0x138008000 (28 bytes)
1744303139.629137 sending message 105 to peer 0x138008000 (25 bytes)
1744303139.629141 sending message 105 to peer 0x138008000 (34 bytes)
1744303139.629145 sending message 105 to peer 0x138008000 (39 bytes)
1744303139.629150 sending message 105 to peer 0x138008000 (32 bytes)
1744303139.629154 sending message 105 to peer 0x138008000 (29 bytes)
1744303139.629158 sending message 105 to peer 0x138008000 (25 bytes)
1744303139.629162 sending message 105 to peer 0x138008000 (33 bytes)
1744303139.629166 sending message 105 to peer 0x138008000 (69 bytes)
1744303139.629170 sending message 105 to peer 0x138008000 (76 bytes)
1744303139.629175 sending message 105 to peer 0x138008000 (20 bytes)
1744303139.629179 sending message 105 to peer 0x138008000 (25 bytes)
1744303139.629183 sending message 106 to peer 0x138008000 (0 bytes)
1744303139.629272 sending message 200 to peer 0x138008000 (4 bytes)
1744303139.629278 client loop enter
1744303139.644270 peer 0x138008000 message 207
1744303139.644302 sending message 208 to peer 0x138008000 (0 bytes)
1744303142.350216 peer 0x138008000 message 203
1744303142.350248 sending message 205 to peer 0x138008000 (0 bytes)
1744303142.351064 peer 0x138008000 message 204
1744303142.351077 client loop exit
